<?xml version="1.0" encoding="UTF-8"?>
<coverage generated="1740991113812" clover="3.2.0">
  <project timestamp="1740991113812" name="All files">
    <metrics statements="11" coveredstatements="10" conditionals="0" coveredconditionals="0" methods="6" coveredmethods="5" elements="17" coveredelements="15" complexity="0" loc="11" ncloc="11" packages="2" files="3" classes="3"/>
    <package name="dist">
      <metrics statements="8" coveredstatements="8" conditionals="0" coveredconditionals="0" methods="4" coveredmethods="4"/>
      <file name="isPalindrome.js" path="C:\Users\mohamed_e\eliyas\jest_testing\testing_app\dist\isPalindrome.js">
        <metrics statements="5" coveredstatements="5" conditionals="0" coveredconditionals="0" methods="3" coveredmethods="3"/>
        <line num="5" count="3" type="stmt"/>
        <line num="8" count="2" type="stmt"/>
        <line num="11" count="3" type="stmt"/>
        <line num="13" count="3" type="stmt"/>
        <line num="18" count="2" type="stmt"/>
      </file>
      <file name="shallowObjClone.js" path="C:\Users\mohamed_e\eliyas\jest_testing\testing_app\dist\shallowObjClone.js">
        <metrics statements="3" coveredstatements="3" conditionals="0" coveredconditionals="0" methods="1" coveredmethods="1"/>
        <line num="2" count="1" type="stmt"/>
        <line num="5" count="1" type="stmt"/>
        <line num="8" count="1" type="stmt"/>
      </file>
    </package>
    <package name="src">
      <metrics statements="3" coveredstatements="2" conditionals="0" coveredconditionals="0" methods="2" coveredmethods="1"/>
      <file name="sum.js" path="C:\Users\mohamed_e\eliyas\jest_testing\testing_app\src\sum.js">
        <metrics statements="3" coveredstatements="2" conditionals="0" coveredconditionals="0" methods="2" coveredmethods="1"/>
        <line num="3" count="1" type="stmt"/>
        <line num="6" count="0" type="stmt"/>
        <line num="9" count="1" type="stmt"/>
      </file>
    </package>
  </project>
</coverage>
