{"C:\\Users\\mohamed_e\\eliyas\\jest_testing\\testing_app\\dist\\isPalindrome.js": {"path":"C:\\Users\\mohamed_e\\eliyas\\jest_testing\\testing_app\\dist\\isPalindrome.js","statementMap":{"0":{"start":{"line":5,"column":8},"end":{"line":5,"column":37}},"1":{"start":{"line":8,"column":8},"end":{"line":8,"column":49}},"2":{"start":{"line":11,"column":29},"end":{"line":11,"column":66}},"3":{"start":{"line":13,"column":8},"end":{"line":13,"column":28}},"4":{"start":{"line":18,"column":0},"end":{"line":18,"column":28}}},"fnMap":{"0":{"name":"(anonymous_0)","decl":{"start":{"line":4,"column":4},"end":{"line":4,"column":5}},"loc":{"start":{"line":4,"column":21},"end":{"line":6,"column":5}},"line":4},"1":{"name":"(anonymous_1)","decl":{"start":{"line":7,"column":4},"end":{"line":7,"column":5}},"loc":{"start":{"line":7,"column":19},"end":{"line":9,"column":5}},"line":7},"2":{"name":"(anonymous_2)","decl":{"start":{"line":10,"column":4},"end":{"line":10,"column":5}},"loc":{"start":{"line":10,"column":20},"end":{"line":14,"column":5}},"line":10}},"branchMap":{},"s":{"0":3,"1":2,"2":3,"3":3,"4":2},"f":{"0":3,"1":2,"2":3},"b":{},"inputSourceMap":null,"_coverageSchema":"1a1c01bbd47fc00a2c39e90264f33305004495a9","hash":"530264642f4544a87fb79d79b7ac44bf94141274"}
,"C:\\Users\\mohamed_e\\eliyas\\jest_testing\\testing_app\\dist\\shallowObjClone.js": {"path":"C:\\Users\\mohamed_e\\eliyas\\jest_testing\\testing_app\\dist\\shallowObjClone.js","statementMap":{"0":{"start":{"line":2,"column":0},"end":{"line":2,"column":62}},"1":{"start":{"line":5,"column":8},"end":{"line":5,"column":38}},"2":{"start":{"line":8,"column":0},"end":{"line":8,"column":33}}},"fnMap":{"0":{"name":"(anonymous_0)","decl":{"start":{"line":4,"column":4},"end":{"line":4,"column":5}},"loc":{"start":{"line":4,"column":22},"end":{"line":6,"column":5}},"line":4}},"branchMap":{},"s":{"0":1,"1":1,"2":1},"f":{"0":1},"b":{},"inputSourceMap":null,"_coverageSchema":"1a1c01bbd47fc00a2c39e90264f33305004495a9","hash":"58628d9ff59fa5f73a784e68f36fb1accc6bed86"}
,"C:\\Users\\mohamed_e\\eliyas\\jest_testing\\testing_app\\src\\sum.js": {"path":"C:\\Users\\mohamed_e\\eliyas\\jest_testing\\testing_app\\src\\sum.js","statementMap":{"0":{"start":{"line":3,"column":8},"end":{"line":3,"column":21}},"1":{"start":{"line":6,"column":8},"end":{"line":6,"column":28}},"2":{"start":{"line":9,"column":0},"end":{"line":9,"column":21}}},"fnMap":{"0":{"name":"(anonymous_0)","decl":{"start":{"line":2,"column":4},"end":{"line":2,"column":5}},"loc":{"start":{"line":2,"column":20},"end":{"line":4,"column":5}},"line":2},"1":{"name":"(anonymous_1)","decl":{"start":{"line":5,"column":4},"end":{"line":5,"column":5}},"loc":{"start":{"line":5,"column":12},"end":{"line":7,"column":5}},"line":5}},"branchMap":{},"s":{"0":1,"1":0,"2":1},"f":{"0":1,"1":0},"b":{},"inputSourceMap":null,"_coverageSchema":"1a1c01bbd47fc00a2c39e90264f33305004495a9","hash":"008052072ab94db772791ec696211868e39f9e32"}
}
